2017-04-27 12:02:38,490 [Worker-7] INFO  o.e.m.c.i.l.LifecycleMappingFactory - Using org.eclipse.m2e.jdt.JarLifecycleMapping lifecycle mapping for MavenProject: com.sales:Sales:0.0.1-SNAPSHOT @ C:\Users\rebec\Documents\Server Side Rad\SSRAD Skeleton\pom.xml.
2017-04-27 12:02:39,450 [Worker-7] INFO  o.e.m.j.i.AbstractJavaProjectConfigurator - Adding source folder /Sales/src/main/java
2017-04-27 12:02:39,451 [Worker-7] INFO  o.e.m.j.i.AbstractJavaProjectConfigurator - Adding resource folder /Sales/src/main/resources
2017-04-27 12:02:39,451 [Worker-7] INFO  o.e.m.j.i.AbstractJavaProjectConfigurator - Adding resource folder /Sales/src/main/resources
2017-04-27 12:02:39,452 [Worker-7] INFO  o.e.m.j.i.AbstractJavaProjectConfigurator - Adding source folder /Sales/src/test/java
2017-04-27 12:02:39,639 [Worker-7] INFO  o.e.m.c.i.p.ProjectConfigurationManager - Imported and configured 1 project(s) in 3 sec
2017-04-27 12:02:46,181 [Worker-16] INFO  o.e.m.c.i.embedder.EclipseLogger - Using 'UTF-8' encoding to copy filtered resources.
2017-04-27 12:02:46,186 [Worker-16] INFO  o.e.m.c.i.embedder.EclipseLogger - Copying 1 resource
2017-04-27 12:02:46,200 [Worker-16] INFO  o.e.m.c.i.embedder.EclipseLogger - Copying 1 resource
2017-04-27 12:02:46,206 [Worker-16] INFO  o.e.m.c.i.embedder.EclipseLogger - Using 'UTF-8' encoding to copy filtered resources.
2017-04-27 12:02:46,207 [Worker-16] INFO  o.e.m.c.i.embedder.EclipseLogger - skip non existing resourceDirectory C:\Users\rebec\Documents\Server Side Rad\SSRAD Skeleton\src\test\resources
2017-04-27 12:04:22,713 [Worker-4] INFO  o.e.m.c.i.l.LifecycleMappingFactory - Using org.eclipse.m2e.jdt.JarLifecycleMapping lifecycle mapping for MavenProject: com.sales:Sales:0.0.1-SNAPSHOT @ C:\Users\rebec\Documents\Server Side Rad\SSR_OrderTrackingSystem\Sales2\pom.xml.
2017-04-27 12:04:23,429 [Worker-4] INFO  o.e.m.c.i.embedder.EclipseLogger - Using 'UTF-8' encoding to copy filtered resources.
2017-04-27 12:04:23,429 [Worker-4] INFO  o.e.m.c.i.embedder.EclipseLogger - Copying 1 resource
2017-04-27 12:04:23,431 [Worker-4] INFO  o.e.m.c.i.embedder.EclipseLogger - Copying 1 resource
2017-04-27 12:04:23,437 [Worker-4] INFO  o.e.m.c.i.embedder.EclipseLogger - Using 'UTF-8' encoding to copy filtered resources.
2017-04-27 12:04:23,440 [Worker-4] INFO  o.e.m.c.i.embedder.EclipseLogger - skip non existing resourceDirectory C:\Users\rebec\Documents\Server Side Rad\SSR_OrderTrackingSystem\Sales2\src\test\resources
2017-04-27 12:04:25,398 [Worker-4] INFO  o.e.m.c.i.embedder.EclipseLogger - Using 'UTF-8' encoding to copy filtered resources.
2017-04-27 12:04:25,426 [Worker-4] INFO  o.e.m.c.i.embedder.EclipseLogger - Copying 1 resource
2017-04-27 12:04:25,429 [Worker-4] INFO  o.e.m.c.i.embedder.EclipseLogger - Copying 1 resource
2017-04-27 12:04:25,437 [Worker-4] INFO  o.e.m.c.i.embedder.EclipseLogger - Using 'UTF-8' encoding to copy filtered resources.
2017-04-27 12:04:25,441 [Worker-4] INFO  o.e.m.c.i.embedder.EclipseLogger - skip non existing resourceDirectory C:\Users\rebec\Documents\Server Side Rad\SSR_OrderTrackingSystem\Sales2\src\test\resources
2017-04-27 12:04:49,854 [Worker-17] INFO  o.e.m.c.i.l.LifecycleMappingFactory - Using org.eclipse.m2e.jdt.JarLifecycleMapping lifecycle mapping for MavenProject: com.sales:Sales:0.0.1-SNAPSHOT @ C:\Users\rebec\Documents\Server Side Rad\SSR_OrderTrackingSystem\Sales\pom.xml.
2017-04-27 12:04:50,394 [Worker-17] INFO  o.e.m.c.i.embedder.EclipseLogger - Using 'UTF-8' encoding to copy filtered resources.
2017-04-27 12:04:50,398 [Worker-17] INFO  o.e.m.c.i.embedder.EclipseLogger - Copying 1 resource
2017-04-27 12:04:50,403 [Worker-17] INFO  o.e.m.c.i.embedder.EclipseLogger - Copying 1 resource
2017-04-27 12:04:50,411 [Worker-17] INFO  o.e.m.c.i.embedder.EclipseLogger - Using 'UTF-8' encoding to copy filtered resources.
2017-04-27 12:04:50,412 [Worker-17] INFO  o.e.m.c.i.embedder.EclipseLogger - skip non existing resourceDirectory C:\Users\rebec\Documents\Server Side Rad\SSR_OrderTrackingSystem\Sales\src\test\resources
2017-04-27 12:04:52,036 [Worker-18] INFO  o.e.m.c.i.embedder.EclipseLogger - Using 'UTF-8' encoding to copy filtered resources.
2017-04-27 12:04:52,038 [Worker-18] INFO  o.e.m.c.i.embedder.EclipseLogger - Copying 1 resource
2017-04-27 12:04:52,040 [Worker-18] INFO  o.e.m.c.i.embedder.EclipseLogger - Copying 1 resource
2017-04-27 12:04:52,045 [Worker-18] INFO  o.e.m.c.i.embedder.EclipseLogger - Using 'UTF-8' encoding to copy filtered resources.
2017-04-27 12:04:52,049 [Worker-18] INFO  o.e.m.c.i.embedder.EclipseLogger - skip non existing resourceDirectory C:\Users\rebec\Documents\Server Side Rad\SSR_OrderTrackingSystem\Sales\src\test\resources
